Flow report for Verilog_Ip_ROM
Thu Apr 20 18:19:32 2023
Quartus II 64-Bit Version 13.0.0 Build 156 04/24/2013 SJ Full Version


---------------------
; Table of Contents ;
---------------------
  1. Legal Notice
  2. Flow Summary
  3. Flow Settings
  4. Flow Non-Default Global Settings
  5. Flow Elapsed Time
  6. Flow OS Summary
  7. Flow Log
  8. Flow Messages
  9. Flow Suppressed Messages



----------------
; Legal Notice ;
----------------
Copyright (C) 1991-2013 Altera Corporation
Your use of Altera Corporation's design tools, logic functions 
and other software and tools, and its AMPP partner logic 
functions, and any output files from any of the foregoing 
(including device programming or simulation files), and any 
associated documentation or information are expressly subject 
to the terms and conditions of the Altera Program License 
Subscription Agreement, Altera MegaCore Function License 
Agreement, or other applicable license agreement, including, 
without limitation, that your use is for the sole purpose of 
programming logic devices manufactured by Altera and sold by 
Altera or its authorized distributors.  Please refer to the 
applicable agreement for further details.



+-----------------------------------------------------------------------------------+
; Flow Summary                                                                      ;
+-------------------------------------+---------------------------------------------+
; Flow Status                         ; Successful - Thu Apr 20 18:19:32 2023       ;
; Quartus II 64-Bit Version           ; 13.0.0 Build 156 04/24/2013 SJ Full Version ;
; Revision Name                       ; Verilog_Ip_ROM                              ;
; Top-level Entity Name               ; Verilog_Ip_ROM                              ;
; Family                              ; Cyclone V                                   ;
; Device                              ; 5CEBA4F23C7                                 ;
; Timing Models                       ; Preliminary                                 ;
; Logic utilization (in ALMs)         ; 5 / 18,480 ( < 1 % )                        ;
; Total registers                     ; 2                                           ;
; Total pins                          ; 24 / 224 ( 11 % )                           ;
; Total virtual pins                  ; 0                                           ;
; Total block memory bits             ; 80,008 / 3,153,920 ( 3 % )                  ;
; Total DSP Blocks                    ; 0 / 66 ( 0 % )                              ;
; Total HSSI RX PCSs                  ; 0                                           ;
; Total HSSI PMA RX Deserializers     ; 0                                           ;
; Total HSSI PMA RX ATT Deserializers ; 0                                           ;
; Total HSSI TX PCSs                  ; 0                                           ;
; Total HSSI PMA TX Serializers       ; 0                                           ;
; Total HSSI PMA TX ATT Serializers   ; 0                                           ;
; Total PLLs                          ; 0 / 4 ( 0 % )                               ;
; Total DLLs                          ; 0 / 4 ( 0 % )                               ;
+-------------------------------------+---------------------------------------------+


+-----------------------------------------+
; Flow Settings                           ;
+-------------------+---------------------+
; Option            ; Setting             ;
+-------------------+---------------------+
; Start date & time ; 04/20/2023 18:18:58 ;
; Main task         ; Compilation         ;
; Revision Name     ; Verilog_Ip_ROM      ;
+-------------------+---------------------+


+---------------------------------------------------------------------------------------------------------------------+
; Flow Non-Default Global Settings                                                                                    ;
+-------------------------------------+--------------------------------+---------------+-------------+----------------+
; Assignment Name                     ; Value                          ; Default Value ; Entity Name ; Section Id     ;
+-------------------------------------+--------------------------------+---------------+-------------+----------------+
; COMPILER_SIGNATURE_ID               ; 92384131673856.168198593818620 ; --            ; --          ; --             ;
; EDA_OUTPUT_DATA_FORMAT              ; Vhdl                           ; --            ; --          ; eda_simulation ;
; EDA_SIMULATION_TOOL                 ; ModelSim-Altera (VHDL)         ; <None>        ; --          ; --             ;
; IP_TOOL_NAME                        ; RAM: 1-PORT                    ; --            ; --          ; --             ;
; IP_TOOL_VERSION                     ; 13.0                           ; --            ; --          ; --             ;
; MAX_CORE_JUNCTION_TEMP              ; 85                             ; --            ; --          ; --             ;
; MIN_CORE_JUNCTION_TEMP              ; 0                              ; --            ; --          ; --             ;
; MISC_FILE                           ; ROM_bb.v                       ; --            ; --          ; --             ;
; OUTPUT_IO_TIMING_FAR_END_VMEAS      ; Half Signal Swing              ; --            ; --          ; --             ;
; OUTPUT_IO_TIMING_FAR_END_VMEAS      ; Half Signal Swing              ; --            ; --          ; --             ;
; OUTPUT_IO_TIMING_NEAR_END_VMEAS     ; Half Vccio                     ; --            ; --          ; --             ;
; OUTPUT_IO_TIMING_NEAR_END_VMEAS     ; Half Vccio                     ; --            ; --          ; --             ;
; PARTITION_COLOR                     ; 16764057                       ; --            ; --          ; Top            ;
; PARTITION_FITTER_PRESERVATION_LEVEL ; PLACEMENT_AND_ROUTING          ; --            ; --          ; Top            ;
; PARTITION_NETLIST_TYPE              ; SOURCE                         ; --            ; --          ; Top            ;
; PROJECT_OUTPUT_DIRECTORY            ; output_files                   ; --            ; --          ; --             ;
+-------------------------------------+--------------------------------+---------------+-------------+----------------+


+-------------------------------------------------------------------------------------------------------------------------------+
; Flow Elapsed Time                                                                                                             ;
+---------------------------+--------------+-------------------------+---------------------+------------------------------------+
; Module Name               ; Elapsed Time ; Average Processors Used ; Peak Virtual Memory ; Total CPU Time (on all processors) ;
+---------------------------+--------------+-------------------------+---------------------+------------------------------------+
; Analysis & Synthesis      ; 00:00:01     ; 1.0                     ; 4672 MB             ; 00:00:01                           ;
; Fitter                    ; 00:00:19     ; 1.3                     ; 6010 MB             ; 00:00:23                           ;
; Assembler                 ; 00:00:04     ; 1.0                     ; 4708 MB             ; 00:00:04                           ;
; TimeQuest Timing Analyzer ; 00:00:05     ; 1.0                     ; 5140 MB             ; 00:00:06                           ;
; EDA Netlist Writer        ; 00:00:01     ; 1.0                     ; 4581 MB             ; 00:00:01                           ;
; Total                     ; 00:00:30     ; --                      ; --                  ; 00:00:35                           ;
+---------------------------+--------------+-------------------------+---------------------+------------------------------------+


+----------------------------------------------------------------------------------------+
; Flow OS Summary                                                                        ;
+---------------------------+------------------+-----------+------------+----------------+
; Module Name               ; Machine Hostname ; OS Name   ; OS Version ; Processor type ;
+---------------------------+------------------+-----------+------------+----------------+
; Analysis & Synthesis      ; DESKTOP-BHMT6SB  ; Windows 7 ; 6.2        ; x86_64         ;
; Fitter                    ; DESKTOP-BHMT6SB  ; Windows 7 ; 6.2        ; x86_64         ;
; Assembler                 ; DESKTOP-BHMT6SB  ; Windows 7 ; 6.2        ; x86_64         ;
; TimeQuest Timing Analyzer ; DESKTOP-BHMT6SB  ; Windows 7 ; 6.2        ; x86_64         ;
; EDA Netlist Writer        ; DESKTOP-BHMT6SB  ; Windows 7 ; 6.2        ; x86_64         ;
+---------------------------+------------------+-----------+------------+----------------+


------------
; Flow Log ;
------------
quartus_map --read_settings_files=on --write_settings_files=off Verilog_Ip_ROM -c Verilog_Ip_ROM
quartus_fit --read_settings_files=off --write_settings_files=off Verilog_Ip_ROM -c Verilog_Ip_ROM
quartus_asm --read_settings_files=off --write_settings_files=off Verilog_Ip_ROM -c Verilog_Ip_ROM
quartus_sta Verilog_Ip_ROM -c Verilog_Ip_ROM
quartus_eda --read_settings_files=off --write_settings_files=off Verilog_Ip_ROM -c Verilog_Ip_ROM



